<?xml version="1.0" encoding="UTF-8"?>
<!-- Generated by org.testng.reporters.JUnitXMLReporter -->
<testsuite ignored="0" hostname="ASHRITH" failures="0" tests="4" name="Askomdch Test" time="97.909" errors="0" timestamp="2023-12-22T10:12:16 IST">
  <testcase classname="TestCases.ClickMenus_0003" name="verifyallMenu" time="11.595"/>
  <testcase classname="TestCases.LoginTest_0001" name="logintest" time="5.05"/>
  <testcase classname="TestCases.CartTest_0002" name="addtoCart" time="9.823"/>
  <testcase classname="TestCases.Checkout_0004" name="checkout" time="18.401"/>
</testsuite> <!-- Askomdch Test -->
