<?xml version="1.0" encoding="UTF-8"?>
<!-- Generated by org.testng.reporters.JUnitXMLReporter -->
<testsuite ignored="0" hostname="ASHRITH" failures="0" tests="4" name="Askomdch Test" time="55.284" errors="0" timestamp="2023-12-21T17:28:39 IST">
  <testcase classname="TestCases.ClickMenus_0003" name="verifyallMenu" time="6.677"/>
  <testcase classname="TestCases.LoginTest_0001" name="logintest" time="2.16"/>
  <testcase classname="TestCases.CartTest_0002" name="addtoCart" time="5.708"/>
  <testcase classname="TestCases.Checkout_0004" name="checkout" time="11.498"/>
</testsuite> <!-- Askomdch Test -->
