<?xml version="1.0" encoding="UTF-8"?>
<testng-results ignored="0" total="4" passed="4" failed="0" skipped="0">
  <reporter-output>
  </reporter-output>
  <suite started-at="2023-12-22T21:38:35 IST" name="AskomdchEcommerce" finished-at="2023-12-22T21:40:40 IST" duration-ms="124652">
    <groups>
    </groups>
    <test started-at="2023-12-22T21:38:35 IST" name="Askomdch Test" finished-at="2023-12-22T21:40:40 IST" duration-ms="124652">
      <class name="TestCases.Checkout_0004">
        <test-method is-config="true" signature="setup(java.lang.String)[pri:0, instance:TestCases.Checkout_0004@16293aa2]" started-at="2023-12-22T21:40:03 IST" name="setup" finished-at="2023-12-22T21:40:13 IST" duration-ms="9561" status="PASS">
          <params>
            <param index="0">
              <value>
                <![CDATA[chrome]]>
              </value>
            </param>
          </params>
          <reporter-output>
          </reporter-output>
        </test-method> <!-- setup -->
        <test-method signature="checkout()[pri:0, instance:TestCases.Checkout_0004@16293aa2]" started-at="2023-12-22T21:40:13 IST" name="checkout" finished-at="2023-12-22T21:40:39 IST" duration-ms="25560" status="PASS">
          <reporter-output>
          </reporter-output>
        </test-method> <!-- checkout -->
        <test-method is-config="true" signature="teardown()[pri:0, instance:TestCases.Checkout_0004@16293aa2]" started-at="2023-12-22T21:40:39 IST" name="teardown" finished-at="2023-12-22T21:40:40 IST" duration-ms="1212" status="PASS">
          <reporter-output>
          </reporter-output>
        </test-method> <!-- teardown -->
      </class> <!-- TestCases.Checkout_0004 -->
      <class name="TestCases.ClickMenus_0003">
        <test-method is-config="true" signature="setup(java.lang.String)[pri:0, instance:TestCases.ClickMenus_0003@2a798d51]" started-at="2023-12-22T21:38:35 IST" name="setup" finished-at="2023-12-22T21:38:55 IST" duration-ms="19229" status="PASS">
          <params>
            <param index="0">
              <value>
                <![CDATA[chrome]]>
              </value>
            </param>
          </params>
          <reporter-output>
          </reporter-output>
        </test-method> <!-- setup -->
        <test-method signature="verifyallMenu()[pri:0, instance:TestCases.ClickMenus_0003@2a798d51]" started-at="2023-12-22T21:38:55 IST" name="verifyallMenu" finished-at="2023-12-22T21:39:12 IST" duration-ms="17545" status="PASS">
          <reporter-output>
          </reporter-output>
        </test-method> <!-- verifyallMenu -->
        <test-method is-config="true" signature="teardown()[pri:0, instance:TestCases.ClickMenus_0003@2a798d51]" started-at="2023-12-22T21:39:12 IST" name="teardown" finished-at="2023-12-22T21:39:13 IST" duration-ms="992" status="PASS">
          <reporter-output>
          </reporter-output>
        </test-method> <!-- teardown -->
      </class> <!-- TestCases.ClickMenus_0003 -->
      <class name="TestCases.LoginTest_0001">
        <test-method is-config="true" signature="setup(java.lang.String)[pri:0, instance:TestCases.LoginTest_0001@222545dc]" started-at="2023-12-22T21:39:13 IST" name="setup" finished-at="2023-12-22T21:39:24 IST" duration-ms="11289" status="PASS">
          <params>
            <param index="0">
              <value>
                <![CDATA[chrome]]>
              </value>
            </param>
          </params>
          <reporter-output>
          </reporter-output>
        </test-method> <!-- setup -->
        <test-method signature="logintest()[pri:0, instance:TestCases.LoginTest_0001@222545dc]" started-at="2023-12-22T21:39:24 IST" name="logintest" finished-at="2023-12-22T21:39:33 IST" duration-ms="8369" status="PASS">
          <reporter-output>
          </reporter-output>
        </test-method> <!-- logintest -->
        <test-method is-config="true" signature="teardown()[pri:0, instance:TestCases.LoginTest_0001@222545dc]" started-at="2023-12-22T21:39:33 IST" name="teardown" finished-at="2023-12-22T21:39:34 IST" duration-ms="1629" status="PASS">
          <reporter-output>
          </reporter-output>
        </test-method> <!-- teardown -->
      </class> <!-- TestCases.LoginTest_0001 -->
      <class name="TestCases.CartTest_0002">
        <test-method is-config="true" signature="setup(java.lang.String)[pri:0, instance:TestCases.CartTest_0002@5c5eefef]" started-at="2023-12-22T21:39:34 IST" name="setup" finished-at="2023-12-22T21:39:45 IST" duration-ms="10276" status="PASS">
          <params>
            <param index="0">
              <value>
                <![CDATA[chrome]]>
              </value>
            </param>
          </params>
          <reporter-output>
          </reporter-output>
        </test-method> <!-- setup -->
        <test-method signature="addtoCart()[pri:0, instance:TestCases.CartTest_0002@5c5eefef]" started-at="2023-12-22T21:39:45 IST" name="addtoCart" finished-at="2023-12-22T21:40:02 IST" duration-ms="17429" status="PASS">
          <reporter-output>
          </reporter-output>
        </test-method> <!-- addtoCart -->
        <test-method is-config="true" signature="teardown()[pri:0, instance:TestCases.CartTest_0002@5c5eefef]" started-at="2023-12-22T21:40:02 IST" name="teardown" finished-at="2023-12-22T21:40:03 IST" duration-ms="1329" status="PASS">
          <reporter-output>
          </reporter-output>
        </test-method> <!-- teardown -->
      </class> <!-- TestCases.CartTest_0002 -->
    </test> <!-- Askomdch Test -->
  </suite> <!-- AskomdchEcommerce -->
</testng-results>
