<?xml version="1.0" encoding="UTF-8"?>
<testsuite xmlns:xsi="http://www.w3.org/2001/XMLSchema-instance" xsi:noNamespaceSchemaLocation="https://maven.apache.org/surefire/maven-surefire-plugin/xsd/surefire-test-report-3.0.xsd" version="3.0" name="TestSuite" time="101.323" tests="4" errors="0" skipped="0" failures="0">
  <properties>
[...]
</properties>
  <testcase name="verifyallMenu" classname="TestCases.ClickMenus_0003" time="11.595">
    <system-out><![CDATA[[main] INFO  AskomdchEcommerce  - Verified Store Successfully
[main] INFO  AskomdchEcommerce  - Verified Men Successfully
[main] INFO  AskomdchEcommerce  - Verified Women Successfully
[main] INFO  AskomdchEcommerce  - Verified Accessories Successfully
[main] INFO  AskomdchEcommerce  - Verified Account Successfully
[main] INFO  AskomdchEcommerce  - Verified About Successfully
[main] INFO  AskomdchEcommerce  - Verified Contact Us Successfully
]]></system-out>
    <system-err><![CDATA[SLF4J: Failed to load class "org.slf4j.impl.StaticLoggerBinder".
SLF4J: Defaulting to no-operation (NOP) logger implementation
SLF4J: See http://www.slf4j.org/codes.html#StaticLoggerBinder for further details.
ERROR StatusLogger Log4j2 could not find a logging implementation. Please add log4j-core to the classpath. Using SimpleLogger to log to the console...
Dec 22, 2023 10:10:59 AM org.openqa.selenium.devtools.CdpVersionFinder findNearestMatch
WARNING: Unable to find an exact match for CDP version 120, so returning the closest version found: 116
]]></system-err>
  </testcase>
  <testcase name="logintest" classname="TestCases.LoginTest_0001" time="5.035">
    <system-out><![CDATA[[main] INFO  AskomdchEcommerce  - Navigated to URL
[main] INFO  AskomdchEcommerce  - Clicked on  Account  Menu
[main] INFO  AskomdchEcommerce  - verified  Account  Menu
[main] INFO  AskomdchEcommerce  - Succesfully Logged in
]]></system-out>
    <system-err><![CDATA[Dec 22, 2023 10:11:21 AM org.openqa.selenium.devtools.CdpVersionFinder findNearestMatch
WARNING: Unable to find an exact match for CDP version 120, so returning the closest version found: 116
]]></system-err>
  </testcase>
  <testcase name="addtoCart" classname="TestCases.CartTest_0002" time="9.799">
    <system-out><![CDATA[[main] INFO  AskomdchEcommerce  - Clicked on Store menu
[main] INFO  AskomdchEcommerce  - Verified Store menu
[main] INFO  AskomdchEcommerce  - Clicked on add to cart button on  Green Tshirt 
[main] INFO  AskomdchEcommerce  - Verified view cart link of Green Tshirt and clicked
[main] INFO  AskomdchEcommerce  - Product Green Tshirt added to cart
]]></system-out>
    <system-err><![CDATA[Dec 22, 2023 10:11:35 AM org.openqa.selenium.devtools.CdpVersionFinder findNearestMatch
WARNING: Unable to find an exact match for CDP version 120, so returning the closest version found: 116
]]></system-err>
  </testcase>
  <testcase name="checkout" classname="TestCases.Checkout_0004" time="18.394">
    <system-out><![CDATA[[main] INFO  AskomdchEcommerce  - Clicked on Cart
[main] INFO  AskomdchEcommerce  - Clicked on change address
[main] INFO  AskomdchEcommerce  - Entered city
[main] INFO  AskomdchEcommerce  - Entered code
[main] INFO  AskomdchEcommerce  - clicked update
[main] INFO  AskomdchEcommerce  - Shipped to data verified
[main] INFO  AskomdchEcommerce  - clicked on proceed to checkout
[main] INFO  AskomdchEcommerce  - Entered firstname and lastname
[main] INFO  AskomdchEcommerce  - order Number is 74384
[main] INFO  AskomdchEcommerce  - Order date is December 22, 2023
[main] INFO  AskomdchEcommerce  - Order Mail is testuser1@gmail.com
[main] INFO  AskomdchEcommerce  - Order Total is$26.50
[main] INFO  AskomdchEcommerce  - Order Method is Cash on delivery
]]></system-out>
    <system-err><![CDATA[Dec 22, 2023 10:11:54 AM org.openqa.selenium.devtools.CdpVersionFinder findNearestMatch
WARNING: Unable to find an exact match for CDP version 120, so returning the closest version found: 116
]]></system-err>
  </testcase>
</testsuite>