<?xml version="1.0" encoding="UTF-8"?>
<testng-results ignored="0" total="4" passed="4" failed="0" skipped="0">
  <reporter-output>
  </reporter-output>
  <suite started-at="2023-12-21T17:08:18 IST" name="AskomdchEcommerce" finished-at="2023-12-21T17:09:09 IST" duration-ms="51095">
    <groups>
    </groups>
    <test started-at="2023-12-21T17:08:18 IST" name="Askomdch Test" finished-at="2023-12-21T17:09:09 IST" duration-ms="51095">
      <class name="TestCases.Checkout_0004">
        <test-method is-config="true" signature="setup(java.lang.String)[pri:0, instance:TestCases.Checkout_0004@443118b0]" started-at="2023-12-21T17:08:51 IST" name="setup" finished-at="2023-12-21T17:08:55 IST" duration-ms="4292" status="PASS">
          <params>
            <param index="0">
              <value>
                <![CDATA[chrome]]>
              </value>
            </param>
          </params>
          <reporter-output>
          </reporter-output>
        </test-method> <!-- setup -->
        <test-method signature="checkout()[pri:0, instance:TestCases.Checkout_0004@443118b0]" started-at="2023-12-21T17:08:55 IST" name="checkout" finished-at="2023-12-21T17:09:08 IST" duration-ms="13020" status="PASS">
          <reporter-output>
          </reporter-output>
        </test-method> <!-- checkout -->
        <test-method is-config="true" signature="teardown()[pri:0, instance:TestCases.Checkout_0004@443118b0]" started-at="2023-12-21T17:09:08 IST" name="teardown" finished-at="2023-12-21T17:09:09 IST" duration-ms="616" status="PASS">
          <reporter-output>
          </reporter-output>
        </test-method> <!-- teardown -->
      </class> <!-- TestCases.Checkout_0004 -->
      <class name="TestCases.ClickMenus_0003">
        <test-method is-config="true" signature="setup(java.lang.String)[pri:0, instance:TestCases.ClickMenus_0003@65fb9ffc]" started-at="2023-12-21T17:08:18 IST" name="setup" finished-at="2023-12-21T17:08:25 IST" duration-ms="7364" status="PASS">
          <params>
            <param index="0">
              <value>
                <![CDATA[chrome]]>
              </value>
            </param>
          </params>
          <reporter-output>
          </reporter-output>
        </test-method> <!-- setup -->
        <test-method signature="verifyallMenu()[pri:0, instance:TestCases.ClickMenus_0003@65fb9ffc]" started-at="2023-12-21T17:08:25 IST" name="verifyallMenu" finished-at="2023-12-21T17:08:32 IST" duration-ms="7423" status="PASS">
          <reporter-output>
          </reporter-output>
        </test-method> <!-- verifyallMenu -->
        <test-method is-config="true" signature="teardown()[pri:0, instance:TestCases.ClickMenus_0003@65fb9ffc]" started-at="2023-12-21T17:08:32 IST" name="teardown" finished-at="2023-12-21T17:08:33 IST" duration-ms="516" status="PASS">
          <reporter-output>
          </reporter-output>
        </test-method> <!-- teardown -->
      </class> <!-- TestCases.ClickMenus_0003 -->
      <class name="TestCases.LoginTest_0001">
        <test-method is-config="true" signature="setup(java.lang.String)[pri:0, instance:TestCases.LoginTest_0001@639c2c1d]" started-at="2023-12-21T17:08:33 IST" name="setup" finished-at="2023-12-21T17:08:37 IST" duration-ms="4356" status="PASS">
          <params>
            <param index="0">
              <value>
                <![CDATA[chrome]]>
              </value>
            </param>
          </params>
          <reporter-output>
          </reporter-output>
        </test-method> <!-- setup -->
        <test-method signature="logintest()[pri:0, instance:TestCases.LoginTest_0001@639c2c1d]" started-at="2023-12-21T17:08:37 IST" name="logintest" finished-at="2023-12-21T17:08:40 IST" duration-ms="2438" status="PASS">
          <reporter-output>
          </reporter-output>
        </test-method> <!-- logintest -->
        <test-method is-config="true" signature="teardown()[pri:0, instance:TestCases.LoginTest_0001@639c2c1d]" started-at="2023-12-21T17:08:40 IST" name="teardown" finished-at="2023-12-21T17:08:40 IST" duration-ms="592" status="PASS">
          <reporter-output>
          </reporter-output>
        </test-method> <!-- teardown -->
      </class> <!-- TestCases.LoginTest_0001 -->
      <class name="TestCases.CartTest_0002">
        <test-method is-config="true" signature="setup(java.lang.String)[pri:0, instance:TestCases.CartTest_0002@5fe94a96]" started-at="2023-12-21T17:08:40 IST" name="setup" finished-at="2023-12-21T17:08:44 IST" duration-ms="4049" status="PASS">
          <params>
            <param index="0">
              <value>
                <![CDATA[chrome]]>
              </value>
            </param>
          </params>
          <reporter-output>
          </reporter-output>
        </test-method> <!-- setup -->
        <test-method signature="addtoCart()[pri:0, instance:TestCases.CartTest_0002@5fe94a96]" started-at="2023-12-21T17:08:44 IST" name="addtoCart" finished-at="2023-12-21T17:08:50 IST" duration-ms="5825" status="PASS">
          <reporter-output>
          </reporter-output>
        </test-method> <!-- addtoCart -->
        <test-method is-config="true" signature="teardown()[pri:0, instance:TestCases.CartTest_0002@5fe94a96]" started-at="2023-12-21T17:08:50 IST" name="teardown" finished-at="2023-12-21T17:08:51 IST" duration-ms="480" status="PASS">
          <reporter-output>
          </reporter-output>
        </test-method> <!-- teardown -->
      </class> <!-- TestCases.CartTest_0002 -->
    </test> <!-- Askomdch Test -->
  </suite> <!-- AskomdchEcommerce -->
</testng-results>
