<?xml version="1.0" encoding="UTF-8"?>
<!-- Generated by org.testng.reporters.JUnitXMLReporter -->
<testsuite ignored="0" hostname="ASHRITH" failures="0" tests="11" name="Askomdch Test" time="126.535" errors="0" timestamp="2023-12-27T14:08:45 IST">
  <testcase classname="TestCases.ClickMenus_0003" name="verifyallMenu" time="12.41"/>
  <testcase classname="TestCases.LoginTest_0001" name="logintest" time="5.132"/>
  <testcase classname="TestCases.CartTest_0002" name="addtoCart" time="12.25"/>
  <testcase classname="TestCases.Checkout_0004" name="checkout" time="20.561"/>
  <testcase classname="TestCases.dataprovider" name="clickMenus" time="2.941"/>
  <testcase classname="TestCases.dataprovider" name="clickMenus" time="2.222"/>
  <testcase classname="TestCases.dataprovider" name="clickMenus" time="1.638"/>
  <testcase classname="TestCases.dataprovider" name="clickMenus" time="1.786"/>
  <testcase classname="TestCases.dataprovider" name="clickMenus" time="2.721"/>
  <testcase classname="TestCases.dataprovider" name="clickMenus" time="1.612"/>
  <testcase classname="TestCases.dataprovider" name="clickMenus" time="2.563"/>
</testsuite> <!-- Askomdch Test -->
