<?xml version="1.0" encoding="UTF-8"?>
<!-- Generated by org.testng.reporters.JUnitXMLReporter -->
<testsuite ignored="0" hostname="ASHRITH" failures="0" tests="4" name="Askomdch Test" time="51.095" errors="0" timestamp="2023-12-21T17:09:09 IST">
  <testcase classname="TestCases.ClickMenus_0003" name="verifyallMenu" time="7.423"/>
  <testcase classname="TestCases.LoginTest_0001" name="logintest" time="2.438"/>
  <testcase classname="TestCases.CartTest_0002" name="addtoCart" time="5.825"/>
  <testcase classname="TestCases.Checkout_0004" name="checkout" time="13.02"/>
</testsuite> <!-- Askomdch Test -->
